<?xml version="1.0" encoding="UTF-8"?>
<!-- Generated by org.testng.reporters.JUnitXMLReporter -->
<testsuite ignored="3" hostname="DESKTOP-79OBDSS" failures="0" tests="1" name="Default test" time="64.88" errors="0" timestamp="27 Jul 2022 04:48:03 GMT">
  <testcase classname="com.ijmeet.uitest.homepagetest.HomePageTests" name="validateAllTheLinksOfHomePage" time="32.281"/>
  <testcase classname="com.ijmeet.uitest.homepagetest.HomePageTests" name="verifyTitleOfHomePage" time="0.0">
    <ignored/>
  </testcase> <!-- verifyTitleOfHomePage -->
  <testcase classname="com.ijmeet.uitest.homepagetest.HomePageTests" name="printAllInfoLinks" time="0.0">
    <ignored/>
  </testcase> <!-- printAllInfoLinks -->
  <testcase classname="com.ijmeet.uitest.homepagetest.HomePageTests" name="verifyifUserRedirectsToJoinMeetingPage" time="0.0">
    <ignored/>
  </testcase> <!-- verifyifUserRedirectsToJoinMeetingPage -->
</testsuite> <!-- Default test -->
