<?xml version="1.0" encoding="UTF-8"?>
<testng-results ignored="3" total="4" passed="1" failed="0" skipped="0">
  <reporter-output>
  </reporter-output>
  <suite started-at="2022-07-27T04:46:58Z" name="Default suite" finished-at="2022-07-27T04:48:03Z" duration-ms="64880">
    <groups>
    </groups>
    <test started-at="2022-07-27T04:46:58Z" name="Default test" finished-at="2022-07-27T04:48:03Z" duration-ms="64880">
      <class name="com.ijmeet.uitest.homepagetest.HomePageTests">
        <test-method is-config="true" signature="setup()[pri:0, instance:com.ijmeet.uitest.homepagetest.HomePageTests@7749bf93]" started-at="2022-07-27T04:46:58Z" name="setup" finished-at="2022-07-27T04:47:30Z" duration-ms="31578" status="PASS">
          <reporter-output>
          </reporter-output>
        </test-method> <!-- setup -->
        <test-method signature="validateAllTheLinksOfHomePage()[pri:0, instance:com.ijmeet.uitest.homepagetest.HomePageTests@7749bf93]" started-at="2022-07-27T04:47:30Z" name="validateAllTheLinksOfHomePage" finished-at="2022-07-27T04:48:02Z" duration-ms="32281" status="PASS">
          <reporter-output>
          </reporter-output>
        </test-method> <!-- validateAllTheLinksOfHomePage -->
        <test-method is-config="true" signature="tearDown()[pri:0, instance:com.ijmeet.uitest.homepagetest.HomePageTests@7749bf93]" started-at="2022-07-27T04:48:02Z" name="tearDown" finished-at="2022-07-27T04:48:03Z" duration-ms="927" status="PASS">
          <reporter-output>
          </reporter-output>
        </test-method> <!-- tearDown -->
      </class> <!-- com.ijmeet.uitest.homepagetest.HomePageTests -->
    </test> <!-- Default test -->
  </suite> <!-- Default suite -->
</testng-results>
